[2023-09-01 02:26:07] [main/ INFO] (BlossomLib): BlossomLib mixins loading
[2023-09-01 02:26:30] [Render thread/ INFO] (BlossomLib): BlossomLib has starting
[2023-09-01 02:26:30] [Render thread/TRACE] (BlossomLib): register config manager BlossomTpa.json
[2023-09-01 02:26:30] [Render thread/TRACE] (BlossomLib): loading config BlossomTpa.json
[2023-09-01 02:26:30] [Render thread/TRACE] (BlossomLib): saving config BlossomTpa.json
[2023-09-01 02:31:47] [main/ INFO] (BlossomLib): BlossomLib mixins loading
[2023-09-01 02:32:08] [Render thread/ INFO] (BlossomLib): BlossomLib has starting
[2023-09-01 02:32:08] [Render thread/TRACE] (BlossomLib): register config manager BlossomTpa.json
[2023-09-01 02:32:08] [Render thread/TRACE] (BlossomLib): loading config BlossomTpa.json
[2023-09-01 02:32:08] [Render thread/TRACE] (BlossomLib): saving config BlossomTpa.json
[2023-09-01 15:56:06] [main/ INFO] (BlossomLib): BlossomLib mixins loading
[2023-09-01 15:56:29] [Render thread/ INFO] (BlossomLib): BlossomLib has starting
[2023-09-01 15:56:29] [Render thread/TRACE] (BlossomLib): register config manager BlossomTpa.json
[2023-09-01 15:56:29] [Render thread/TRACE] (BlossomLib): loading config BlossomTpa.json
[2023-09-01 15:56:29] [Render thread/TRACE] (BlossomLib): saving config BlossomTpa.json
[2023-09-01 16:04:34] [main/ INFO] (BlossomLib): BlossomLib mixins loading
[2023-09-01 16:04:56] [Render thread/ INFO] (BlossomLib): BlossomLib has starting
[2023-09-01 16:04:56] [Render thread/TRACE] (BlossomLib): register config manager BlossomTpa.json
[2023-09-01 16:04:56] [Render thread/TRACE] (BlossomLib): loading config BlossomTpa.json
[2023-09-01 16:04:56] [Render thread/TRACE] (BlossomLib): saving config BlossomTpa.json
[2023-09-01 16:16:55] [main/ INFO] (BlossomLib): BlossomLib mixins loading
[2023-09-01 16:17:17] [Render thread/ INFO] (BlossomLib): BlossomLib has starting
[2023-09-01 16:17:17] [Render thread/TRACE] (BlossomLib): register config manager BlossomTpa.json
[2023-09-01 16:17:17] [Render thread/TRACE] (BlossomLib): loading config BlossomTpa.json
[2023-09-01 16:17:18] [Render thread/TRACE] (BlossomLib): saving config BlossomTpa.json
[2023-09-01 17:07:52] [main/ INFO] (BlossomLib): BlossomLib mixins loading
[2023-09-01 17:08:14] [Render thread/ INFO] (BlossomLib): BlossomLib has starting
[2023-09-01 17:08:14] [Render thread/TRACE] (BlossomLib): register config manager BlossomTpa.json
[2023-09-01 17:08:14] [Render thread/TRACE] (BlossomLib): loading config BlossomTpa.json
[2023-09-01 17:08:14] [Render thread/TRACE] (BlossomLib): saving config BlossomTpa.json
[2023-09-01 17:11:05] [main/ INFO] (BlossomLib): BlossomLib mixins loading
[2023-09-01 17:11:28] [Render thread/ INFO] (BlossomLib): BlossomLib has starting
[2023-09-01 17:11:28] [Render thread/TRACE] (BlossomLib): register config manager BlossomTpa.json
[2023-09-01 17:11:28] [Render thread/TRACE] (BlossomLib): loading config BlossomTpa.json
[2023-09-01 17:11:28] [Render thread/TRACE] (BlossomLib): saving config BlossomTpa.json
[2023-09-01 18:03:51] [main/ INFO] (BlossomLib): BlossomLib mixins loading
[2023-09-01 18:04:13] [Render thread/ INFO] (BlossomLib): BlossomLib has starting
[2023-09-01 18:04:13] [Render thread/TRACE] (BlossomLib): register config manager BlossomTpa.json
[2023-09-01 18:04:13] [Render thread/TRACE] (BlossomLib): loading config BlossomTpa.json
[2023-09-01 18:04:13] [Render thread/TRACE] (BlossomLib): saving config BlossomTpa.json
[2023-09-01 19:06:59] [main/ INFO] (BlossomLib): BlossomLib mixins loading
[2023-09-01 19:07:20] [Render thread/ INFO] (BlossomLib): BlossomLib has starting
[2023-09-01 19:07:20] [Render thread/TRACE] (BlossomLib): register config manager BlossomTpa.json
[2023-09-01 19:07:20] [Render thread/TRACE] (BlossomLib): loading config BlossomTpa.json
[2023-09-01 19:07:20] [Render thread/TRACE] (BlossomLib): saving config BlossomTpa.json
[2023-09-01 21:39:48] [main/ INFO] (BlossomLib): BlossomLib mixins loading
[2023-09-01 21:40:12] [Render thread/ INFO] (BlossomLib): BlossomLib has starting
[2023-09-01 21:40:12] [Render thread/TRACE] (BlossomLib): register config manager BlossomTpa.json
[2023-09-01 21:40:12] [Render thread/TRACE] (BlossomLib): loading config BlossomTpa.json
[2023-09-01 21:40:12] [Render thread/TRACE] (BlossomLib): saving config BlossomTpa.json
[2023-09-01 21:44:10] [main/ INFO] (BlossomLib): BlossomLib mixins loading
[2023-09-01 21:44:36] [Render thread/ INFO] (BlossomLib): BlossomLib has starting
[2023-09-01 21:44:36] [Render thread/TRACE] (BlossomLib): register config manager BlossomTpa.json
[2023-09-01 21:44:36] [Render thread/TRACE] (BlossomLib): loading config BlossomTpa.json
[2023-09-01 21:44:36] [Render thread/TRACE] (BlossomLib): saving config BlossomTpa.json
[2023-09-01 23:35:12] [main/ INFO] (BlossomLib): BlossomLib mixins loading
[2023-09-01 23:35:35] [Render thread/ INFO] (BlossomLib): BlossomLib has starting
[2023-09-01 23:35:35] [Render thread/TRACE] (BlossomLib): register config manager BlossomTpa.json
[2023-09-01 23:35:35] [Render thread/TRACE] (BlossomLib): loading config BlossomTpa.json
[2023-09-01 23:35:35] [Render thread/TRACE] (BlossomLib): saving config BlossomTpa.json
[2023-09-01 23:49:17] [main/ INFO] (BlossomLib): BlossomLib mixins loading
[2023-09-01 23:49:40] [Render thread/ INFO] (BlossomLib): BlossomLib has starting
[2023-09-01 23:49:40] [Render thread/TRACE] (BlossomLib): register config manager BlossomTpa.json
[2023-09-01 23:49:40] [Render thread/TRACE] (BlossomLib): loading config BlossomTpa.json
[2023-09-01 23:49:40] [Render thread/TRACE] (BlossomLib): saving config BlossomTpa.json
[2023-09-02 00:25:48] [main/ INFO] (BlossomLib): BlossomLib mixins loading
[2023-09-02 00:26:11] [Render thread/ INFO] (BlossomLib): BlossomLib has starting
[2023-09-02 00:26:11] [Render thread/TRACE] (BlossomLib): register config manager BlossomTpa.json
[2023-09-02 00:26:11] [Render thread/TRACE] (BlossomLib): loading config BlossomTpa.json
[2023-09-02 00:26:11] [Render thread/TRACE] (BlossomLib): saving config BlossomTpa.json
[2023-09-02 01:18:48] [main/ INFO] (BlossomLib): BlossomLib mixins loading
[2023-09-02 01:19:10] [Render thread/ INFO] (BlossomLib): BlossomLib has starting
[2023-09-02 01:19:10] [Render thread/TRACE] (BlossomLib): register config manager BlossomTpa.json
[2023-09-02 01:19:10] [Render thread/TRACE] (BlossomLib): loading config BlossomTpa.json
[2023-09-02 01:19:10] [Render thread/TRACE] (BlossomLib): saving config BlossomTpa.json
[2023-09-02 01:39:05] [main/ INFO] (BlossomLib): BlossomLib mixins loading
[2023-09-02 01:39:27] [Render thread/ INFO] (BlossomLib): BlossomLib has starting
[2023-09-02 01:39:27] [Render thread/TRACE] (BlossomLib): register config manager BlossomTpa.json
[2023-09-02 01:39:27] [Render thread/TRACE] (BlossomLib): loading config BlossomTpa.json
[2023-09-02 01:39:27] [Render thread/TRACE] (BlossomLib): saving config BlossomTpa.json
[2023-09-02 01:43:14] [main/ INFO] (BlossomLib): BlossomLib mixins loading
[2023-09-02 01:43:37] [Render thread/ INFO] (BlossomLib): BlossomLib has starting
[2023-09-02 01:43:37] [Render thread/TRACE] (BlossomLib): register config manager BlossomTpa.json
[2023-09-02 01:43:37] [Render thread/TRACE] (BlossomLib): loading config BlossomTpa.json
[2023-09-02 01:43:37] [Render thread/TRACE] (BlossomLib): saving config BlossomTpa.json
[2023-09-02 01:52:23] [main/ INFO] (BlossomLib): BlossomLib mixins loading
[2023-09-02 01:52:46] [Render thread/ INFO] (BlossomLib): BlossomLib has starting
[2023-09-02 01:52:46] [Render thread/TRACE] (BlossomLib): register config manager BlossomTpa.json
[2023-09-02 01:52:46] [Render thread/TRACE] (BlossomLib): loading config BlossomTpa.json
[2023-09-02 01:52:46] [Render thread/TRACE] (BlossomLib): saving config BlossomTpa.json
[2023-09-02 01:54:31] [main/ INFO] (BlossomLib): BlossomLib mixins loading
[2023-09-02 01:54:53] [Render thread/ INFO] (BlossomLib): BlossomLib has starting
[2023-09-02 01:54:53] [Render thread/TRACE] (BlossomLib): register config manager BlossomTpa.json
[2023-09-02 01:54:53] [Render thread/TRACE] (BlossomLib): loading config BlossomTpa.json
[2023-09-02 01:54:53] [Render thread/TRACE] (BlossomLib): saving config BlossomTpa.json
[2023-09-02 01:57:09] [main/ INFO] (BlossomLib): BlossomLib mixins loading
[2023-09-02 01:57:31] [Render thread/ INFO] (BlossomLib): BlossomLib has starting
[2023-09-02 01:57:31] [Render thread/TRACE] (BlossomLib): register config manager BlossomTpa.json
[2023-09-02 01:57:31] [Render thread/TRACE] (BlossomLib): loading config BlossomTpa.json
[2023-09-02 01:57:31] [Render thread/TRACE] (BlossomLib): saving config BlossomTpa.json
[2023-09-02 02:10:40] [main/ INFO] (BlossomLib): BlossomLib mixins loading
[2023-09-02 02:11:02] [Render thread/ INFO] (BlossomLib): BlossomLib has starting
[2023-09-02 02:11:02] [Render thread/TRACE] (BlossomLib): register config manager BlossomTpa.json
[2023-09-02 02:11:02] [Render thread/TRACE] (BlossomLib): loading config BlossomTpa.json
[2023-09-02 02:11:02] [Render thread/TRACE] (BlossomLib): saving config BlossomTpa.json
[2023-09-02 11:42:42] [main/ INFO] (BlossomLib): BlossomLib mixins loading
[2023-09-02 11:43:08] [Render thread/ INFO] (BlossomLib): BlossomLib has starting
[2023-09-02 11:43:08] [Render thread/TRACE] (BlossomLib): register config manager BlossomTpa.json
[2023-09-02 11:43:08] [Render thread/TRACE] (BlossomLib): loading config BlossomTpa.json
[2023-09-02 11:43:08] [Render thread/TRACE] (BlossomLib): saving config BlossomTpa.json
[2023-09-02 11:46:30] [main/ INFO] (BlossomLib): BlossomLib mixins loading
[2023-09-02 11:46:57] [Render thread/ INFO] (BlossomLib): BlossomLib has starting
[2023-09-02 11:46:57] [Render thread/TRACE] (BlossomLib): register config manager BlossomTpa.json
[2023-09-02 11:46:57] [Render thread/TRACE] (BlossomLib): loading config BlossomTpa.json
[2023-09-02 11:46:57] [Render thread/TRACE] (BlossomLib): saving config BlossomTpa.json
[2023-09-03 14:07:57] [main/ INFO] (BlossomLib): BlossomLib mixins loading
[2023-09-03 14:08:23] [Render thread/ INFO] (BlossomLib): BlossomLib has starting
[2023-09-03 14:08:23] [Render thread/TRACE] (BlossomLib): register config manager BlossomTpa.json
[2023-09-03 14:08:23] [Render thread/TRACE] (BlossomLib): loading config BlossomTpa.json
[2023-09-03 14:08:23] [Render thread/TRACE] (BlossomLib): saving config BlossomTpa.json
[2023-09-03 22:12:10] [main/ INFO] (BlossomLib): BlossomLib mixins loading
[2023-09-03 22:12:37] [Render thread/ INFO] (BlossomLib): BlossomLib has starting
[2023-09-03 22:12:37] [Render thread/TRACE] (BlossomLib): register config manager BlossomTpa.json
[2023-09-03 22:12:37] [Render thread/TRACE] (BlossomLib): loading config BlossomTpa.json
[2023-09-03 22:12:37] [Render thread/TRACE] (BlossomLib): saving config BlossomTpa.json
[2023-09-04 14:12:15] [main/ INFO] (BlossomLib): BlossomLib mixins loading
[2023-09-04 14:12:41] [Render thread/ INFO] (BlossomLib): BlossomLib has starting
[2023-09-04 14:12:41] [Render thread/TRACE] (BlossomLib): register config manager BlossomTpa.json
[2023-09-04 14:12:41] [Render thread/TRACE] (BlossomLib): loading config BlossomTpa.json
[2023-09-04 14:12:41] [Render thread/TRACE] (BlossomLib): saving config BlossomTpa.json
[2023-09-04 14:58:01] [main/ INFO] (BlossomLib): BlossomLib mixins loading
[2023-09-04 14:58:27] [Render thread/ INFO] (BlossomLib): BlossomLib has starting
[2023-09-04 14:58:27] [Render thread/TRACE] (BlossomLib): register config manager BlossomTpa.json
[2023-09-04 14:58:27] [Render thread/TRACE] (BlossomLib): loading config BlossomTpa.json
[2023-09-04 14:58:27] [Render thread/TRACE] (BlossomLib): saving config BlossomTpa.json
[2023-09-04 19:25:16] [main/ INFO] (BlossomLib): BlossomLib mixins loading
[2023-09-04 19:25:41] [Render thread/ INFO] (BlossomLib): BlossomLib has starting
[2023-09-04 19:25:41] [Render thread/TRACE] (BlossomLib): register config manager BlossomTpa.json
[2023-09-04 19:25:41] [Render thread/TRACE] (BlossomLib): loading config BlossomTpa.json
[2023-09-04 19:25:41] [Render thread/TRACE] (BlossomLib): saving config BlossomTpa.json
[2023-09-04 20:33:05] [main/ INFO] (BlossomLib): BlossomLib mixins loading
[2023-09-04 20:33:30] [Render thread/ INFO] (BlossomLib): BlossomLib has starting
[2023-09-04 20:33:30] [Render thread/TRACE] (BlossomLib): register config manager BlossomTpa.json
[2023-09-04 20:33:30] [Render thread/TRACE] (BlossomLib): loading config BlossomTpa.json
[2023-09-04 20:33:30] [Render thread/TRACE] (BlossomLib): saving config BlossomTpa.json
[2023-09-04 21:55:50] [main/ INFO] (BlossomLib): BlossomLib mixins loading
[2023-09-04 21:56:15] [Render thread/ INFO] (BlossomLib): BlossomLib has starting
[2023-09-04 21:56:15] [Render thread/TRACE] (BlossomLib): register config manager BlossomTpa.json
[2023-09-04 21:56:15] [Render thread/TRACE] (BlossomLib): loading config BlossomTpa.json
[2023-09-04 21:56:15] [Render thread/TRACE] (BlossomLib): saving config BlossomTpa.json
[2023-09-05 00:19:34] [main/ INFO] (BlossomLib): BlossomLib mixins loading
[2023-09-05 00:19:59] [Render thread/ INFO] (BlossomLib): BlossomLib has starting
[2023-09-05 00:19:59] [Render thread/TRACE] (BlossomLib): register config manager BlossomTpa.json
[2023-09-05 00:19:59] [Render thread/TRACE] (BlossomLib): loading config BlossomTpa.json
[2023-09-05 00:19:59] [Render thread/TRACE] (BlossomLib): saving config BlossomTpa.json
[2023-09-05 02:04:45] [main/ INFO] (BlossomLib): BlossomLib mixins loading
[2023-09-05 02:05:10] [Render thread/ INFO] (BlossomLib): BlossomLib has starting
[2023-09-05 02:05:10] [Render thread/TRACE] (BlossomLib): register config manager BlossomTpa.json
[2023-09-05 02:05:10] [Render thread/TRACE] (BlossomLib): loading config BlossomTpa.json
[2023-09-05 02:05:10] [Render thread/TRACE] (BlossomLib): saving config BlossomTpa.json
[2023-09-05 03:13:42] [main/ INFO] (BlossomLib): BlossomLib mixins loading
[2023-09-05 03:14:06] [Render thread/ INFO] (BlossomLib): BlossomLib has starting
[2023-09-05 03:14:06] [Render thread/TRACE] (BlossomLib): register config manager BlossomTpa.json
[2023-09-05 03:14:06] [Render thread/TRACE] (BlossomLib): loading config BlossomTpa.json
[2023-09-05 03:14:06] [Render thread/TRACE] (BlossomLib): saving config BlossomTpa.json
[2023-09-05 15:45:34] [main/ INFO] (BlossomLib): BlossomLib mixins loading
[2023-09-05 15:45:55] [Render thread/ INFO] (BlossomLib): BlossomLib has starting
[2023-09-05 15:45:55] [Render thread/TRACE] (BlossomLib): register config manager BlossomTpa.json
[2023-09-05 15:45:55] [Render thread/TRACE] (BlossomLib): loading config BlossomTpa.json
[2023-09-05 15:45:55] [Render thread/TRACE] (BlossomLib): saving config BlossomTpa.json
[2023-09-05 18:24:04] [main/ INFO] (BlossomLib): BlossomLib mixins loading
[2023-09-05 18:24:32] [Render thread/ INFO] (BlossomLib): BlossomLib has starting
[2023-09-05 18:24:32] [Render thread/TRACE] (BlossomLib): register config manager BlossomTpa.json
[2023-09-05 18:24:32] [Render thread/TRACE] (BlossomLib): loading config BlossomTpa.json
[2023-09-05 18:24:32] [Render thread/TRACE] (BlossomLib): saving config BlossomTpa.json
[2023-09-06 02:52:41] [main/ INFO] (BlossomLib): BlossomLib mixins loading
[2023-09-06 02:53:06] [Render thread/ INFO] (BlossomLib): BlossomLib has starting
[2023-09-06 02:53:06] [Render thread/TRACE] (BlossomLib): register config manager BlossomTpa.json
[2023-09-06 02:53:06] [Render thread/TRACE] (BlossomLib): loading config BlossomTpa.json
[2023-09-06 02:53:06] [Render thread/TRACE] (BlossomLib): saving config BlossomTpa.json
[2023-09-06 02:58:41] [main/ INFO] (BlossomLib): BlossomLib mixins loading
[2023-09-06 02:59:05] [Render thread/ INFO] (BlossomLib): BlossomLib has starting
[2023-09-06 02:59:05] [Render thread/TRACE] (BlossomLib): register config manager BlossomTpa.json
[2023-09-06 02:59:05] [Render thread/TRACE] (BlossomLib): loading config BlossomTpa.json
[2023-09-06 02:59:05] [Render thread/TRACE] (BlossomLib): saving config BlossomTpa.json
[2023-09-06 03:02:58] [main/ INFO] (BlossomLib): BlossomLib mixins loading
[2023-09-06 03:03:24] [Render thread/ INFO] (BlossomLib): BlossomLib has starting
[2023-09-06 03:03:24] [Render thread/TRACE] (BlossomLib): register config manager BlossomTpa.json
[2023-09-06 03:03:24] [Render thread/TRACE] (BlossomLib): loading config BlossomTpa.json
[2023-09-06 03:03:24] [Render thread/TRACE] (BlossomLib): saving config BlossomTpa.json
[2023-09-06 03:04:29] [main/ INFO] (BlossomLib): BlossomLib mixins loading
[2023-09-06 03:04:54] [Render thread/ INFO] (BlossomLib): BlossomLib has starting
[2023-09-06 03:04:54] [Render thread/TRACE] (BlossomLib): register config manager BlossomTpa.json
[2023-09-06 03:04:54] [Render thread/TRACE] (BlossomLib): loading config BlossomTpa.json
[2023-09-06 03:04:54] [Render thread/TRACE] (BlossomLib): saving config BlossomTpa.json
[2023-09-06 15:59:17] [main/ INFO] (BlossomLib): BlossomLib mixins loading
[2023-09-06 15:59:45] [Render thread/ INFO] (BlossomLib): BlossomLib has starting
[2023-09-06 15:59:45] [Render thread/TRACE] (BlossomLib): register config manager BlossomTpa.json
[2023-09-06 15:59:45] [Render thread/TRACE] (BlossomLib): loading config BlossomTpa.json
[2023-09-06 15:59:45] [Render thread/TRACE] (BlossomLib): saving config BlossomTpa.json
[2023-09-06 18:37:03] [main/ INFO] (BlossomLib): BlossomLib mixins loading
[2023-09-06 18:37:27] [Render thread/ INFO] (BlossomLib): BlossomLib has starting
[2023-09-06 18:37:27] [Render thread/TRACE] (BlossomLib): register config manager BlossomTpa.json
[2023-09-06 18:37:27] [Render thread/TRACE] (BlossomLib): loading config BlossomTpa.json
[2023-09-06 18:37:27] [Render thread/TRACE] (BlossomLib): saving config BlossomTpa.json
[2023-09-06 19:45:15] [main/ INFO] (BlossomLib): BlossomLib mixins loading
[2023-09-06 19:45:39] [Render thread/ INFO] (BlossomLib): BlossomLib has starting
[2023-09-06 19:45:39] [Render thread/TRACE] (BlossomLib): register config manager BlossomTpa.json
[2023-09-06 19:45:39] [Render thread/TRACE] (BlossomLib): loading config BlossomTpa.json
[2023-09-06 19:45:39] [Render thread/TRACE] (BlossomLib): saving config BlossomTpa.json
[2023-09-06 20:38:49] [main/ INFO] (BlossomLib): BlossomLib mixins loading
[2023-09-06 20:39:12] [Render thread/ INFO] (BlossomLib): BlossomLib has starting
[2023-09-06 20:39:12] [Render thread/TRACE] (BlossomLib): register config manager BlossomTpa.json
[2023-09-06 20:39:12] [Render thread/TRACE] (BlossomLib): loading config BlossomTpa.json
[2023-09-06 20:39:12] [Render thread/TRACE] (BlossomLib): saving config BlossomTpa.json
[2023-09-06 20:58:51] [main/ INFO] (BlossomLib): BlossomLib mixins loading
[2023-09-06 20:59:16] [Render thread/ INFO] (BlossomLib): BlossomLib has starting
[2023-09-06 20:59:16] [Render thread/TRACE] (BlossomLib): register config manager BlossomTpa.json
[2023-09-06 20:59:16] [Render thread/TRACE] (BlossomLib): loading config BlossomTpa.json
[2023-09-06 20:59:16] [Render thread/TRACE] (BlossomLib): saving config BlossomTpa.json
